# JRE version: OpenJDK Runtime Environment Temurin-17.0.8.1+1 (17.0.8.1+1) (build 17.0.8.1+1)
# Java VM: OpenJDK 64-Bit Server VM Temurin-17.0.8.1+1 (17.0.8.1+1, mixed mode, emulated-client, tiered, compressed oops, compressed class ptrs, g1 gc, windows-amd64)
GC Precious Log:
 CPUs: 4 total, 4 available
 Memory: 6025M
 Large Page Support: Disabled
 NUMA Support: Disabled
 Compressed Oops: Enabled (32-bit)
 Heap Region Size: 1M
 Heap Min Capacity: 8M
 Heap Initial Capacity: 96M
 Heap Max Capacity: 1508M
 Pre-touch: Disabled
 Parallel Workers: 4
 Concurrent Workers: 1
 Concurrent Refinement Workers: 4
 Periodic GC: Disabled
Heap:
 garbage-first heap   total 34816K, used 21120K [0x00000000a1c00000, 0x0000000100000000)
  region size 1024K, 14 young (14336K), 1 survivors (1024K)
 Metaspace       used 26919K, committed 27200K, reserved 1114112K
  class space    used 3187K, committed 3328K, reserved 1048576K
GC Heap History (12 events):
Event: 9.071 GC heap before
{Heap before GC invocations=0 (full 0):
 garbage-first heap   total 98304K, used 13312K [0x00000000a1c00000, 0x0000000100000000)
  region size 1024K, 13 young (13312K), 0 survivors (0K)
 Metaspace       used 12682K, committed 12864K, reserved 1114112K
  class space    used 1315K, committed 1408K, reserved 1048576K
}
Event: 9.109 GC heap after
{Heap after GC invocations=1 (full 0):
 garbage-first heap   total 98304K, used 5951K [0x00000000a1c00000, 0x0000000100000000)
  region size 1024K, 2 young (2048K), 2 survivors (2048K)
 Metaspace       used 12682K, committed 12864K, reserved 1114112K
  class space    used 1315K, committed 1408K, reserved 1048576K
}
Event: 14.482 GC heap before
{Heap before GC invocations=1 (full 0):
 garbage-first heap   total 98304K, used 15167K [0x00000000a1c00000, 0x0000000100000000)
  region size 1024K, 11 young (11264K), 2 survivors (2048K)
 Metaspace       used 15610K, committed 15872K, reserved 1114112K
  class space    used 1655K, committed 1792K, reserved 1048576K
}
Event: 14.491 GC heap after
{Heap after GC invocations=2 (full 0):
 garbage-first heap   total 98304K, used 7371K [0x00000000a1c00000, 0x0000000100000000)
  region size 1024K, 2 young (2048K), 2 survivors (2048K)
 Metaspace       used 15610K, committed 15872K, reserved 1114112K
  class space    used 1655K, committed 1792K, reserved 1048576K
}
Event: 21.243 GC heap before
{Heap before GC invocations=2 (full 0):
 garbage-first heap   total 98304K, used 31947K [0x00000000a1c00000, 0x0000000100000000)
  region size 1024K, 26 young (26624K), 2 survivors (2048K)
 Metaspace       used 20752K, committed 21056K, reserved 1114112K
  class space    used 2408K, committed 2560K, reserved 1048576K
}
Event: 21.249 GC heap after
{Heap after GC invocations=3 (full 0):
 garbage-first heap   total 98304K, used 8906K [0x00000000a1c00000, 0x0000000100000000)
  region size 1024K, 3 young (3072K), 3 survivors (3072K)
 Metaspace       used 20752K, committed 21056K, reserved 1114112K
  class space    used 2408K, committed 2560K, reserved 1048576K
}
Event: 22.168 GC heap before
{Heap before GC invocations=3 (full 0):
 garbage-first heap   total 98304K, used 11978K [0x00000000a1c00000, 0x0000000100000000)
  region size 1024K, 7 young (7168K), 3 survivors (3072K)
 Metaspace       used 21222K, committed 21504K, reserved 1114112K
  class space    used 2460K, committed 2624K, reserved 1048576K
}
Event: 22.173 GC heap after
{Heap after GC invocations=4 (full 0):
 garbage-first heap   total 98304K, used 9079K [0x00000000a1c00000, 0x0000000100000000)
  region size 1024K, 3 young (3072K), 3 survivors (3072K)
 Metaspace       used 21222K, committed 21504K, reserved 1114112K
  class space    used 2460K, committed 2624K, reserved 1048576K
}
Event: 25.591 GC heap before
{Heap before GC invocations=5 (full 0):
 garbage-first heap   total 34816K, used 24439K [0x00000000a1c00000, 0x0000000100000000)
  region size 1024K, 20 young (20480K), 3 survivors (3072K)
 Metaspace       used 24923K, committed 25216K, reserved 1114112K
  class space    used 2931K, committed 3072K, reserved 1048576K
}
Event: 25.598 GC heap after
{Heap after GC invocations=6 (full 0):
 garbage-first heap   total 34816K, used 9628K [0x00000000a1c00000, 0x0000000100000000)
  region size 1024K, 4 young (4096K), 4 survivors (4096K)
 Metaspace       used 24923K, committed 25216K, reserved 1114112K
  class space    used 2931K, committed 3072K, reserved 1048576K
}
Event: 27.714 GC heap before
{Heap before GC invocations=6 (full 0):
 garbage-first heap   total 34816K, used 10652K [0x00000000a1c00000, 0x0000000100000000)
  region size 1024K, 5 young (5120K), 4 survivors (4096K)
 Metaspace       used 25145K, committed 25472K, reserved 1114112K
  class space    used 2971K, committed 3136K, reserved 1048576K
}
Event: 27.722 GC heap after
{Heap after GC invocations=7 (full 0):
 garbage-first heap   total 34816K, used 9856K [0x00000000a1c00000, 0x0000000100000000)
  region size 1024K, 1 young (1024K), 1 survivors (1024K)
 Metaspace       used 25145K, committed 25472K, reserved 1114112K
  class space    used 2971K, committed 3136K, reserved 1048576K
}

